-------------------------------------------------------------------------------
Test set: org.openapitools.OpenApiGeneratorApplicationTests
-------------------------------------------------------------------------------
Tests run: 1, Failures: 0, Errors: 1, Skipped: 0, Time elapsed: 1.748 s <<< FAILURE! - in org.openapitools.OpenApiGeneratorApplicationTests
contextLoads  Time elapsed: 0.004 s  <<< ERROR!
java.lang.IllegalStateException: Failed to load ApplicationContext
Caused by: org.springframework.beans.factory.BeanCreationException: 
Error creating bean with name 'requestMappingHandlerMapping' defined in class path resource [org/springframework/boot/autoconfigure/web/servlet/WebMvcAutoConfiguration$EnableWebMvcConfiguration.class]: Invocation of init method failed; nested exception is java.lang.IllegalStateException: Ambiguous mapping. Cannot map 'org.openapitools.controller.SpotController' method 
org.openapitools.controller.SpotController#createSpot(Spot)
to {POST [/spots], consumes [application/json]}: There is already 'org.openapitools.api.SpotsApiController' bean method
org.openapitools.api.SpotsApiController#createSpot(Spot) mapped.
Caused by: java.lang.IllegalStateException: 
Ambiguous mapping. Cannot map 'org.openapitools.controller.SpotController' method 
org.openapitools.controller.SpotController#createSpot(Spot)
to {POST [/spots], consumes [application/json]}: There is already 'org.openapitools.api.SpotsApiController' bean method
org.openapitools.api.SpotsApiController#createSpot(Spot) mapped.

